nohup: cvlc: Not a directory
nohup: cvlc: Not a directory
nohup: cvlc: Not a directory
nohup: cvlc: Not a directory
nohup: cvlc: Not a directory
nohup: cvlc: Not a directory
nohup: cvlc: Not a directory
nohup: cvlc: Not a directory
nohup: cvlc: Not a directory
nohup: cvlc: Not a directory
nohup: cvlc: Not a directory
nohup: cvlc: Not a directory
nohup: cvlc: Not a directory
nohup: cvlc: Not a directory
nohup: cvlc: Not a directory
nohup: cvlc: Not a directory
nohup: nohup: cvlc: Not a directory
cvlc: Not a directory
nohup: cvlc: Not a directory
nohup: cvlc: Not a directory
nohup: cvlc: Not a directory
nohup: cvlc: Not a directory
nohup: nohup: cvlc: Not a directory
cvlc: Not a directory
nohup: cvlc: Not a directory
nohup: cvlc: Not a directory
nohup: cvlc: Not a directory
nohup: cvlc: Not a directory
nohup: cvlc: Not a directory
nohup: cvlc: Not a directory
nohup: cvlc: Not a directory
nohup: cvlc: Not a directory
nohup: cvlc: Not a directory
nohup: cvlc: Not a directory
nohup: cvlc: Not a directory
nohup: cvlc: Not a directory
nohup: nohup: cvlccvlc: : Not a directory
Not a directory
nohup: cvlc: Not a directory
nohup: cvlc: Not a directory
nohup: cvlc: Not a directory
nohup: cvlc: Not a directory
nohup: cvlcnohup: cvlc: Not a directory
: Not a directory
nohup: nohup: cvlccvlc: : Not a directory
Not a directory
nohup: cvlc: Not a directory
nohup: cvlc: Not a directory
nohup: nohup: cvlccvlc: : Not a directory
Not a directory
nohup: cvlc: Not a directory
nohup: cvlc: Not a directory
nohup: cvlc: Not a directory
nohup: cvlc: Not a directory
nohup: cvlc: Not a directory
nohup: cvlc: Not a directory
nohup: cvlc: Not a directory
nohup: cvlc: Not a directory
nohup: cvlc: Not a directory
nohup: cvlc: Not a directory
nohup: cvlc: Not a directory
nohup: cvlc: Not a directory
nohup: cvlc: Not a directory
nohup: cvlc: Not a directory
nohup: cvlc: Not a directory
nohup: cvlc: Not a directory
nohup: cvlc: Not a directory
nohup: cvlc: Not a directory
nohup: cvlc: Not a directory
nohup: cvlc: Not a directory
nohup: cvlc: Not a directory
nohup: cvlc: Not a directory
nohup: nohup: cvlccvlc: : Not a directory
Not a directory
nohup: cvlc: Not a directory
nohup: cvlc: Not a directory
nohup: cvlc: Not a directory
nohup: cvlc: Not a directory
nohup: cvlc: Not a directory
nohup: cvlc: Not a directory
nohup: cvlc: Not a directory
nohup: cvlc: Not a directory
nohup: cvlc: Not a directory
nohup: cvlc: Not a directory
nohup: cvlc: Not a directory
nohup: cvlc: Not a directory
nohup: cvlc: Not a directory
nohup: cvlc: Not a directory
nohup: cvlc: Not a directory
nohup: cvlc: Not a directory
nohup: cvlc: Not a directory
nohup: cvlc: Not a directory
nohup: cvlc: Not a directory
nohup: cvlc: Not a directory
nohup: nohup: cvlc: Not a directory
cvlc: Not a directory
nohup: cvlc: Not a directory
nohup: cvlc: Not a directory
nohup: cvlc: Not a directory
nohup: cvlc: Not a directory
nohup: cvlc: Not a directory
nohup: cvlc: Not a directory
nohup: cvlc: Not a directory
nohup: cvlc: Not a directory
nohup: cvlc: Not a directory
nohup: cvlc: Not a directory
nohup: cvlc: Not a directory
nohup: cvlc: Not a directory
nohup: cvlc: Not a directory
nohup: cvlc: Not a directory
nohup: nohup: cvlccvlc: : Not a directory
Not a directory
nohup: cvlc: Not a directory
nohup: cvlc: Not a directory
nohup: cvlc: Not a directory
nohup: cvlc: Not a directory
nohup: cvlc: Not a directory
nohup: cvlc: Not a directory
