nohup: cvlc: Not a directory
nohup: cvlc: Not a directory
nohup: cvlc: Not a directory
nohup: cvlc: Not a directory
nohup: nohup: cvlccvlc: : Not a directory
Not a directory
nohup: cvlc: Not a directory
nohup: cvlc: Not a directory
nohup: cvlc: Not a directory
nohup: cvlc: Not a directory
nohup: nohup: nohup: cvlc: cvlcNot a directory
: cvlcNot a directory
: Not a directory
nohup: cvlc: Not a directory
nohup: cvlc: Not a directory
nohup: cvlc: Not a directory
nohup: cvlc: Not a directory
nohup: cvlc: Not a directory
nohup: cvlc: Not a directory
nohup: cvlc: Not a directory
nohup: nohup: cvlccvlc: : Not a directory
Not a directory
nohup: cvlc: Not a directory
nohup: cvlc: Not a directory
nohup: nohup: cvlccvlc: : Not a directory
Not a directory
nohup: cvlc: Not a directory
nohup: cvlc: Not a directory
nohup: cvlc: Not a directory
nohup: cvlc: Not a directory
nohup: cvlc: Not a directory
nohup: cvlc: Not a directory
nohup: cvlc: Not a directory
nohup: cvlc: Not a directory
nohup: cvlc: Not a directory
nohup: cvlc: Not a directory
nohup: cvlc: Not a directory
nohup: cvlc: Not a directory
nohup: cvlc: Not a directory
nohup: cvlc: Not a directory
nohup: cvlc: Not a directory
nohup: cvlc: Not a directory
nohup: cvlc: Not a directory
nohup: cvlc: Not a directory
nohup: cvlc: Not a directory
nohup: cvlc: Not a directory
nohup: cvlc: Not a directory
nohup: cvlc: Not a directory
nohup: cvlc: Not a directory
nohup: cvlc: Not a directory
